2024-01-10T17:33:48.801+05:30  INFO 5572 --- [restartedMain] com.example.demo.DemoApplication         : Starting DemoApplication using Java 17.0.7 with PID 5572 (C:\Tarun\Personal\STS Workspace\Spring Boot\demo\target\classes started by KHANDELWALT2 in C:\Tarun\Personal\STS Workspace\Spring Boot\demo)
2024-01-10T17:33:48.806+05:30  INFO 5572 --- [restartedMain] com.example.demo.DemoApplication         : No active profile set, falling back to 1 default profile: "default"
2024-01-10T17:33:48.844+05:30  INFO 5572 --- [restartedMain] o.s.b.devtools.restart.ChangeableUrls    : The Class-Path manifest attribute in C:\Users\khandelwalt2\.m2\repository\com\sun\xml\bind\jaxb-impl\4.0.3\jaxb-impl-4.0.3.jar referenced one or more files that do not exist: file:/C:/Users/khandelwalt2/.m2/repository/com/sun/xml/bind/jaxb-impl/4.0.3/jaxb-core.jar,file:/C:/Users/khandelwalt2/.m2/repository/com/sun/xml/bind/jaxb-impl/4.0.3/angus-activation.jar
2024-01-10T17:33:48.844+05:30  INFO 5572 --- [restartedMain] o.s.b.devtools.restart.ChangeableUrls    : The Class-Path manifest attribute in C:\Users\khandelwalt2\.m2\repository\com\sun\xml\bind\jaxb-core\4.0.3\jaxb-core-4.0.3.jar referenced one or more files that do not exist: file:/C:/Users/khandelwalt2/.m2/repository/com/sun/xml/bind/jaxb-core/4.0.3/jakarta.activation-api.jar,file:/C:/Users/khandelwalt2/.m2/repository/com/sun/xml/bind/jaxb-core/4.0.3/jakarta.xml.bind-api.jar
2024-01-10T17:33:48.844+05:30  INFO 5572 --- [restartedMain] .e.DevToolsPropertyDefaultsPostProcessor : Devtools property defaults active! Set 'spring.devtools.add-properties' to 'false' to disable
2024-01-10T17:33:48.844+05:30  INFO 5572 --- [restartedMain] .e.DevToolsPropertyDefaultsPostProcessor : For additional web related logging consider setting the 'logging.level.web' property to 'DEBUG'
2024-01-10T17:33:49.742+05:30  INFO 5572 --- [restartedMain] .s.d.r.c.RepositoryConfigurationDelegate : Bootstrapping Spring Data JPA repositories in DEFAULT mode.
2024-01-10T17:33:49.792+05:30  INFO 5572 --- [restartedMain] .s.d.r.c.RepositoryConfigurationDelegate : Finished Spring Data repository scanning in 44 ms. Found 2 JPA repository interfaces.
2024-01-10T17:33:50.227+05:30  INFO 5572 --- [restartedMain] o.s.b.w.embedded.tomcat.TomcatWebServer  : Tomcat initialized with port(s): 8080 (http)
2024-01-10T17:33:50.233+05:30  INFO 5572 --- [restartedMain] o.apache.catalina.core.StandardService   : Starting service [Tomcat]
2024-01-10T17:33:50.233+05:30  INFO 5572 --- [restartedMain] o.apache.catalina.core.StandardEngine    : Starting Servlet engine: [Apache Tomcat/10.1.12]
2024-01-10T17:33:50.281+05:30  INFO 5572 --- [restartedMain] o.a.c.c.C.[Tomcat].[localhost].[/]       : Initializing Spring embedded WebApplicationContext
2024-01-10T17:33:50.281+05:30  INFO 5572 --- [restartedMain] w.s.c.ServletWebServerApplicationContext : Root WebApplicationContext: initialization completed in 1435 ms
2024-01-10T17:33:50.344+05:30  INFO 5572 --- [restartedMain] com.zaxxer.hikari.HikariDataSource       : HikariPool-1 - Starting...
2024-01-10T17:33:50.473+05:30  INFO 5572 --- [restartedMain] com.zaxxer.hikari.pool.HikariPool        : HikariPool-1 - Added connection conn0: url=jdbc:h2:mem:testdb user=SA
2024-01-10T17:33:50.475+05:30  INFO 5572 --- [restartedMain] com.zaxxer.hikari.HikariDataSource       : HikariPool-1 - Start completed.
2024-01-10T17:33:50.482+05:30  INFO 5572 --- [restartedMain] o.s.b.a.h2.H2ConsoleAutoConfiguration    : H2 console available at '/h2-console'. Database available at 'jdbc:h2:mem:testdb'
2024-01-10T17:33:50.757+05:30  INFO 5572 --- [restartedMain] o.s.o.j.p.SpringPersistenceUnitInfo      : No LoadTimeWeaver setup: ignoring JPA class transformer
2024-01-10T17:33:51.287+05:30  INFO 5572 --- [restartedMain] j.LocalContainerEntityManagerFactoryBean : Initialized JPA EntityManagerFactory for persistence unit 'default'
2024-01-10T17:33:52.392+05:30  INFO 5572 --- [restartedMain] o.s.b.a.e.web.EndpointLinksResolver      : Exposing 1 endpoint(s) beneath base path '/actuator'
2024-01-10T17:33:52.413+05:30  INFO 5572 --- [restartedMain] o.s.s.web.DefaultSecurityFilterChain     : Will secure any request with [org.springframework.security.web.session.DisableEncodeUrlFilter@59ebfd2b, org.springframework.security.web.context.request.async.WebAsyncManagerIntegrationFilter@5297f575, org.springframework.security.web.context.SecurityContextHolderFilter@4d436bf, org.springframework.security.web.header.HeaderWriterFilter@54bc674c, org.springframework.web.filter.CorsFilter@6bf611e7, org.springframework.security.web.authentication.logout.LogoutFilter@27ae5eaa, com.example.demo.security.JwtRequestFilter@7b7e6de4, org.springframework.security.web.authentication.www.BasicAuthenticationFilter@1513dc87, org.springframework.security.web.savedrequest.RequestCacheAwareFilter@4ed237ba, org.springframework.security.web.servletapi.SecurityContextHolderAwareRequestFilter@3f1ac3c8, org.springframework.security.web.authentication.AnonymousAuthenticationFilter@615d2e3a, org.springframework.security.web.session.SessionManagementFilter@4f49e291, org.springframework.security.web.access.ExceptionTranslationFilter@70385d19, org.springframework.security.web.access.intercept.AuthorizationFilter@386a5375]
2024-01-10T17:33:52.416+05:30  WARN 5572 --- [restartedMain] o.s.s.c.a.web.builders.WebSecurity       : You are asking Spring Security to ignore Ant [pattern='/h2-console/**']. This is not recommended -- please use permitAll via HttpSecurity#authorizeHttpRequests instead.
2024-01-10T17:33:52.416+05:30  INFO 5572 --- [restartedMain] o.s.s.web.DefaultSecurityFilterChain     : Will not secure Ant [pattern='/h2-console/**']
2024-01-10T17:33:52.416+05:30  WARN 5572 --- [restartedMain] o.s.s.c.a.web.builders.WebSecurity       : You are asking Spring Security to ignore Ant [pattern='/api/authenticate']. This is not recommended -- please use permitAll via HttpSecurity#authorizeHttpRequests instead.
2024-01-10T17:33:52.416+05:30  INFO 5572 --- [restartedMain] o.s.s.web.DefaultSecurityFilterChain     : Will not secure Ant [pattern='/api/authenticate']
2024-01-10T17:33:52.416+05:30  WARN 5572 --- [restartedMain] o.s.s.c.a.web.builders.WebSecurity       : You are asking Spring Security to ignore Ant [pattern='/**']. This is not recommended -- please use permitAll via HttpSecurity#authorizeHttpRequests instead.
2024-01-10T17:33:52.416+05:30  INFO 5572 --- [restartedMain] o.s.s.web.DefaultSecurityFilterChain     : Will not secure Ant [pattern='/**']
2024-01-10T17:33:52.648+05:30  INFO 5572 --- [restartedMain] o.s.b.d.a.OptionalLiveReloadServer       : LiveReload server is running on port 35729
2024-01-10T17:33:52.710+05:30  INFO 5572 --- [restartedMain] o.s.b.w.embedded.tomcat.TomcatWebServer  : Tomcat started on port(s): 8080 (http) with context path ''
2024-01-10T17:33:52.722+05:30  INFO 5572 --- [restartedMain] com.example.demo.DemoApplication         : Started DemoApplication in 4.235 seconds (process running for 4.808)
2024-01-10T17:33:53.965+05:30  INFO 5572 --- [RMI TCP Connection(9)-127.0.0.1] o.a.c.c.C.[Tomcat].[localhost].[/]       : Initializing Spring DispatcherServlet 'dispatcherServlet'
2024-01-10T17:35:18.130+05:30  INFO 5572 --- [File Watcher] rtingClassPathChangeChangedEventListener : Restarting due to 3 class path changes (0 additions, 0 deletions, 3 modifications)
2024-01-10T17:35:18.140+05:30  INFO 5572 --- [Thread-6] o.apache.catalina.core.StandardService   : Stopping service [Tomcat]
2024-01-10T17:35:18.141+05:30  INFO 5572 --- [Thread-6] o.a.c.c.C.[Tomcat].[localhost].[/]       : Destroying Spring FrameworkServlet 'dispatcherServlet'
2024-01-10T17:35:18.149+05:30  INFO 5572 --- [Thread-6] j.LocalContainerEntityManagerFactoryBean : Closing JPA EntityManagerFactory for persistence unit 'default'
2024-01-10T17:35:18.366+05:30  WARN 5572 --- [Thread-6] o.s.b.f.support.DisposableBeanAdapter    : Invocation of destroy method failed on bean with name 'inMemoryDatabaseShutdownExecutor': org.h2.jdbc.JdbcSQLNonTransientConnectionException: Database is already closed (to disable automatic closing at VM shutdown, add ";DB_CLOSE_ON_EXIT=FALSE" to the db URL) [90121-214]
2024-01-10T17:35:18.368+05:30  INFO 5572 --- [Thread-6] com.zaxxer.hikari.HikariDataSource       : HikariPool-1 - Shutdown initiated...
2024-01-10T17:35:18.370+05:30  INFO 5572 --- [Thread-6] com.zaxxer.hikari.HikariDataSource       : HikariPool-1 - Shutdown completed.
2024-01-10T17:35:18.434+05:30  INFO 5572 --- [restartedMain] com.example.demo.DemoApplication         : Starting DemoApplication using Java 17.0.7 with PID 5572 (C:\Tarun\Personal\STS Workspace\Spring Boot\demo\target\classes started by KHANDELWALT2 in C:\Tarun\Personal\STS Workspace\Spring Boot\demo)
2024-01-10T17:35:18.434+05:30  INFO 5572 --- [restartedMain] com.example.demo.DemoApplication         : No active profile set, falling back to 1 default profile: "default"
2024-01-10T17:35:18.908+05:30  INFO 5572 --- [restartedMain] .s.d.r.c.RepositoryConfigurationDelegate : Bootstrapping Spring Data JPA repositories in DEFAULT mode.
2024-01-10T17:35:18.919+05:30  INFO 5572 --- [restartedMain] .s.d.r.c.RepositoryConfigurationDelegate : Finished Spring Data repository scanning in 10 ms. Found 2 JPA repository interfaces.
2024-01-10T17:35:18.990+05:30  INFO 5572 --- [restartedMain] o.s.b.w.embedded.tomcat.TomcatWebServer  : Tomcat initialized with port(s): 8080 (http)
2024-01-10T17:35:18.991+05:30  INFO 5572 --- [restartedMain] o.apache.catalina.core.StandardService   : Starting service [Tomcat]
2024-01-10T17:35:18.992+05:30  INFO 5572 --- [restartedMain] o.apache.catalina.core.StandardEngine    : Starting Servlet engine: [Apache Tomcat/10.1.12]
2024-01-10T17:35:19.006+05:30  INFO 5572 --- [restartedMain] o.a.c.c.C.[Tomcat].[localhost].[/]       : Initializing Spring embedded WebApplicationContext
2024-01-10T17:35:19.006+05:30  INFO 5572 --- [restartedMain] w.s.c.ServletWebServerApplicationContext : Root WebApplicationContext: initialization completed in 570 ms
2024-01-10T17:35:19.029+05:30  INFO 5572 --- [restartedMain] com.zaxxer.hikari.HikariDataSource       : HikariPool-2 - Starting...
2024-01-10T17:35:19.031+05:30  INFO 5572 --- [restartedMain] com.zaxxer.hikari.pool.HikariPool        : HikariPool-2 - Added connection conn12: url=jdbc:h2:mem:testdb user=SA
2024-01-10T17:35:19.031+05:30  INFO 5572 --- [restartedMain] com.zaxxer.hikari.HikariDataSource       : HikariPool-2 - Start completed.
2024-01-10T17:35:19.031+05:30  INFO 5572 --- [restartedMain] o.s.b.a.h2.H2ConsoleAutoConfiguration    : H2 console available at '/h2-console'. Database available at 'jdbc:h2:mem:testdb'
2024-01-10T17:35:19.061+05:30  INFO 5572 --- [restartedMain] o.s.o.j.p.SpringPersistenceUnitInfo      : No LoadTimeWeaver setup: ignoring JPA class transformer
2024-01-10T17:35:19.091+05:30  INFO 5572 --- [restartedMain] j.LocalContainerEntityManagerFactoryBean : Initialized JPA EntityManagerFactory for persistence unit 'default'
2024-01-10T17:35:20.669+05:30  INFO 5572 --- [restartedMain] o.s.b.a.e.web.EndpointLinksResolver      : Exposing 1 endpoint(s) beneath base path '/actuator'
2024-01-10T17:35:20.709+05:30  INFO 5572 --- [restartedMain] o.s.s.web.DefaultSecurityFilterChain     : Will secure any request with [org.springframework.security.web.session.DisableEncodeUrlFilter@1f5bf74b, org.springframework.security.web.context.request.async.WebAsyncManagerIntegrationFilter@62df511f, org.springframework.security.web.context.SecurityContextHolderFilter@31621d0b, org.springframework.security.web.header.HeaderWriterFilter@2ea3ba9b, org.springframework.web.filter.CorsFilter@1d1c078f, org.springframework.security.web.authentication.logout.LogoutFilter@7b3fb543, com.example.demo.security.JwtRequestFilter@63a08f1f, org.springframework.security.web.authentication.www.BasicAuthenticationFilter@7e980f3d, org.springframework.security.web.savedrequest.RequestCacheAwareFilter@3fa5ea8e, org.springframework.security.web.servletapi.SecurityContextHolderAwareRequestFilter@31e5903f, org.springframework.security.web.authentication.AnonymousAuthenticationFilter@23c312f6, org.springframework.security.web.session.SessionManagementFilter@5437e5a1, org.springframework.security.web.access.ExceptionTranslationFilter@723419cb, org.springframework.security.web.access.intercept.AuthorizationFilter@37490ead]
2024-01-10T17:35:20.711+05:30  WARN 5572 --- [restartedMain] o.s.s.c.a.web.builders.WebSecurity       : You are asking Spring Security to ignore Ant [pattern='/h2-console/**']. This is not recommended -- please use permitAll via HttpSecurity#authorizeHttpRequests instead.
2024-01-10T17:35:20.711+05:30  INFO 5572 --- [restartedMain] o.s.s.web.DefaultSecurityFilterChain     : Will not secure Ant [pattern='/h2-console/**']
2024-01-10T17:35:20.711+05:30  WARN 5572 --- [restartedMain] o.s.s.c.a.web.builders.WebSecurity       : You are asking Spring Security to ignore Ant [pattern='/api/authenticate']. This is not recommended -- please use permitAll via HttpSecurity#authorizeHttpRequests instead.
2024-01-10T17:35:20.711+05:30  INFO 5572 --- [restartedMain] o.s.s.web.DefaultSecurityFilterChain     : Will not secure Ant [pattern='/api/authenticate']
2024-01-10T17:35:20.711+05:30  WARN 5572 --- [restartedMain] o.s.s.c.a.web.builders.WebSecurity       : You are asking Spring Security to ignore Ant [pattern='/**']. This is not recommended -- please use permitAll via HttpSecurity#authorizeHttpRequests instead.
2024-01-10T17:35:20.711+05:30  INFO 5572 --- [restartedMain] o.s.s.web.DefaultSecurityFilterChain     : Will not secure Ant [pattern='/**']
2024-01-10T17:35:20.854+05:30  INFO 5572 --- [restartedMain] o.s.b.d.a.OptionalLiveReloadServer       : LiveReload server is running on port 35729
2024-01-10T17:35:20.880+05:30  INFO 5572 --- [restartedMain] o.s.b.w.embedded.tomcat.TomcatWebServer  : Tomcat started on port(s): 8080 (http) with context path ''
2024-01-10T17:35:20.893+05:30  INFO 5572 --- [restartedMain] com.example.demo.DemoApplication         : Started DemoApplication in 2.472 seconds (process running for 92.979)
2024-01-10T17:35:20.897+05:30  INFO 5572 --- [restartedMain] .ConditionEvaluationDeltaLoggingListener : Condition evaluation unchanged
2024-01-10T17:35:33.861+05:30  INFO 5572 --- [RMI TCP Connection(14)-127.0.0.1] inMXBeanRegistrar$SpringApplicationAdmin : Application shutdown requested.
2024-01-10T17:35:33.871+05:30  INFO 5572 --- [RMI TCP Connection(14)-127.0.0.1] o.apache.catalina.core.StandardService   : Stopping service [Tomcat]
2024-01-10T17:35:33.876+05:30  INFO 5572 --- [RMI TCP Connection(14)-127.0.0.1] j.LocalContainerEntityManagerFactoryBean : Closing JPA EntityManagerFactory for persistence unit 'default'
2024-01-10T17:35:34.287+05:30  WARN 5572 --- [RMI TCP Connection(14)-127.0.0.1] o.s.b.f.support.DisposableBeanAdapter    : Invocation of destroy method failed on bean with name 'inMemoryDatabaseShutdownExecutor': org.h2.jdbc.JdbcSQLNonTransientConnectionException: Database is already closed (to disable automatic closing at VM shutdown, add ";DB_CLOSE_ON_EXIT=FALSE" to the db URL) [90121-214]
2024-01-10T17:35:34.288+05:30  INFO 5572 --- [RMI TCP Connection(14)-127.0.0.1] com.zaxxer.hikari.HikariDataSource       : HikariPool-2 - Shutdown initiated...
2024-01-10T17:35:34.402+05:30  INFO 5572 --- [RMI TCP Connection(14)-127.0.0.1] com.zaxxer.hikari.HikariDataSource       : HikariPool-2 - Shutdown completed.
